<?xml version="1.0" encoding="UTF-8"?>
<testng-results ignored="0" total="1" passed="1" failed="0" skipped="0">
  <reporter-output>
  </reporter-output>
  <suite started-at="2023-01-05T21:03:02 IST" name="Default suite" finished-at="2023-01-05T21:03:21 IST" duration-ms="19783">
    <groups>
    </groups>
    <test started-at="2023-01-05T21:03:02 IST" name="Default test" finished-at="2023-01-05T21:03:21 IST" duration-ms="19783">
      <class name="com.selenium.Alerts">
        <test-method is-config="true" signature="prerun()[pri:0, instance:com.selenium.Alerts@741a8937]" started-at="2023-01-05T21:03:02 IST" name="prerun" finished-at="2023-01-05T21:03:21 IST" duration-ms="19165" status="PASS">
          <reporter-output>
          </reporter-output>
        </test-method> <!-- prerun -->
        <test-method signature="alert()[pri:0, instance:com.selenium.Alerts@741a8937]" started-at="2023-01-05T21:03:21 IST" name="alert" finished-at="2023-01-05T21:03:21 IST" duration-ms="471" status="PASS">
          <reporter-output>
          </reporter-output>
        </test-method> <!-- alert -->
      </class> <!-- com.selenium.Alerts -->
    </test> <!-- Default test -->
  </suite> <!-- Default suite -->
</testng-results>
